<?xml version="1.0" encoding="UTF-8"?>
<!-- Generated by org.testng.reporters.JUnitXMLReporter -->
<testsuite hostname="TestingWorld-PC" name="Default test(failed)" tests="1" failures="1" timestamp="25 May 2019 08:05:40 GMT" time="0.011" errors="0">
  <testcase name="tcase2" time="0.002" classname="testing.A">
    <failure type="java.lang.AssertionError" message="expected [true] but found [false]">
      <![CDATA[java.lang.AssertionError: expected [true] but found [false]
	at testing.A.tcase2(A.java:22)
... Removed 28 stack frames]]>
    </failure>
  </testcase> <!-- tcase2 -->
</testsuite> <!-- Default test(failed) -->
